E:\VCTARGET\CCM-AEAD-TEST -AMP\CRYPTO++ CCM-AEAD TEST\DRIVER\DEBUG\DRIVER.PCH
E:\VCTARGET\CCM-AEAD-TEST -AMP\CRYPTO++ CCM-AEAD TEST\DRIVER\DEBUG\STDAFX.OBJ
E:\VCTARGET\CCM-AEAD-TEST -AMP\CRYPTO++ CCM-AEAD TEST\DRIVER\DEBUG\VC110.PDB
E:\VCTARGET\CCM-AEAD-TEST -AMP\CRYPTO++ CCM-AEAD TEST\DRIVER\DEBUG\DRIVER.OBJ
E:\vctarget\CCM-AEAD-Test -amp\Crypto++ CCM-AEAD Test\Driver\Debug\Driver.obj
E:\vctarget\CCM-AEAD-Test -amp\Crypto++ CCM-AEAD Test\Driver\Debug\stdafx.obj
E:\vctarget\CCM-AEAD-Test -amp\Crypto++ CCM-AEAD Test\Driver\Debug\cl.command.1.tlog
E:\vctarget\CCM-AEAD-Test -amp\Crypto++ CCM-AEAD Test\Driver\Debug\CL.read.1.tlog
E:\vctarget\CCM-AEAD-Test -amp\Crypto++ CCM-AEAD Test\Driver\Debug\CL.write.1.tlog
E:\vctarget\CCM-AEAD-Test -amp\Crypto++ CCM-AEAD Test\Driver\Debug\link-cvtres.read.1.tlog
E:\vctarget\CCM-AEAD-Test -amp\Crypto++ CCM-AEAD Test\Driver\Debug\link-cvtres.write.1.tlog
E:\vctarget\CCM-AEAD-Test -amp\Crypto++ CCM-AEAD Test\Driver\Debug\link-rc.read.1.tlog
E:\vctarget\CCM-AEAD-Test -amp\Crypto++ CCM-AEAD Test\Driver\Debug\link-rc.write.1.tlog
E:\vctarget\CCM-AEAD-Test -amp\Crypto++ CCM-AEAD Test\Driver\Debug\link.command.1.tlog
E:\vctarget\CCM-AEAD-Test -amp\Crypto++ CCM-AEAD Test\Driver\Debug\link.read.1.tlog
E:\vctarget\CCM-AEAD-Test -amp\Crypto++ CCM-AEAD Test\Driver\Debug\link.write.1.tlog
E:\vctarget\CCM-AEAD-Test -amp\Crypto++ CCM-AEAD Test\Driver\Debug\Driver.pch
E:\vctarget\CCM-AEAD-Test -amp\Crypto++ CCM-AEAD Test\Driver\Debug\vc110.idb
E:\vctarget\CCM-AEAD-Test -amp\Crypto++ CCM-AEAD Test\Driver\Debug\vc110.pdb
E:\vctarget\CCM-AEAD-Test -amp\Crypto++ CCM-AEAD Test\Debug\Driver.pdb
