E:\VCTARGET\CCM-AEAD-TEST -AMP-MATE-OPENCL\CRYPTO++ CCM-AEAD TEST\DRIVER\X64\RELEASE\DRIVER.PCH
E:\VCTARGET\CCM-AEAD-TEST -AMP-MATE-OPENCL\CRYPTO++ CCM-AEAD TEST\DRIVER\X64\RELEASE\STDAFX.OBJ
E:\VCTARGET\CCM-AEAD-TEST -AMP-MATE-OPENCL\CRYPTO++ CCM-AEAD TEST\DRIVER\X64\RELEASE\VC110.PDB
E:\VCTARGET\CCM-AEAD-TEST -AMP-MATE-OPENCL\CRYPTO++ CCM-AEAD TEST\DRIVER\X64\RELEASE\DRIVER.OBJ
E:\VCTARGET\CCM-AEAD-TEST -AMP-MATE-OPENCL\CRYPTO++ CCM-AEAD TEST\X64\RELEASE\DRIVER.EXE
E:\VCTARGET\CCM-AEAD-TEST -AMP-MATE-OPENCL\CRYPTO++ CCM-AEAD TEST\X64\RELEASE\DRIVER.PDB
E:\vctarget\CCM-AEAD-Test -amp-mate-opencl\Crypto++ CCM-AEAD Test\Driver\x64\Release\Driver.obj
E:\vctarget\CCM-AEAD-Test -amp-mate-opencl\Crypto++ CCM-AEAD Test\Driver\x64\Release\stdafx.obj
E:\vctarget\CCM-AEAD-Test -amp-mate-opencl\Crypto++ CCM-AEAD Test\Driver\x64\Release\cl.command.1.tlog
E:\vctarget\CCM-AEAD-Test -amp-mate-opencl\Crypto++ CCM-AEAD Test\Driver\x64\Release\CL.read.1.tlog
E:\vctarget\CCM-AEAD-Test -amp-mate-opencl\Crypto++ CCM-AEAD Test\Driver\x64\Release\CL.write.1.tlog
E:\vctarget\CCM-AEAD-Test -amp-mate-opencl\Crypto++ CCM-AEAD Test\Driver\x64\Release\link-cvtres.read.1.tlog
E:\vctarget\CCM-AEAD-Test -amp-mate-opencl\Crypto++ CCM-AEAD Test\Driver\x64\Release\link-cvtres.write.1.tlog
E:\vctarget\CCM-AEAD-Test -amp-mate-opencl\Crypto++ CCM-AEAD Test\Driver\x64\Release\link-rc.read.1.tlog
E:\vctarget\CCM-AEAD-Test -amp-mate-opencl\Crypto++ CCM-AEAD Test\Driver\x64\Release\link-rc.write.1.tlog
E:\vctarget\CCM-AEAD-Test -amp-mate-opencl\Crypto++ CCM-AEAD Test\Driver\x64\Release\link.command.1.tlog
E:\vctarget\CCM-AEAD-Test -amp-mate-opencl\Crypto++ CCM-AEAD Test\Driver\x64\Release\link.read.1.tlog
E:\vctarget\CCM-AEAD-Test -amp-mate-opencl\Crypto++ CCM-AEAD Test\Driver\x64\Release\link.write.1.tlog
E:\vctarget\CCM-AEAD-Test -amp-mate-opencl\Crypto++ CCM-AEAD Test\Driver\x64\Release\Driver.pch
E:\vctarget\CCM-AEAD-Test -amp-mate-opencl\Crypto++ CCM-AEAD Test\Driver\x64\Release\vc110.pdb
E:\vctarget\CCM-AEAD-Test -amp-mate-opencl\Crypto++ CCM-AEAD Test\x64\Release\Driver.pdb
E:\vctarget\CCM-AEAD-Test -amp-mate-opencl\Crypto++ CCM-AEAD Test\x64\Release\Driver.exe
