E:\2017920\CCM-AEAD-TEST -AMP\CRYPTO++ CCM-AEAD TEST\DRIVER\X64\DEBUG\DRIVER.PCH
E:\2017920\CCM-AEAD-TEST -AMP\CRYPTO++ CCM-AEAD TEST\DRIVER\X64\DEBUG\STDAFX.OBJ
E:\2017920\CCM-AEAD-TEST -AMP\CRYPTO++ CCM-AEAD TEST\DRIVER\X64\DEBUG\VC110.PDB
E:\2017920\CCM-AEAD-TEST -AMP\CRYPTO++ CCM-AEAD TEST\DRIVER\X64\DEBUG\DRIVER.OBJ
E:\2017920\CCM-AEAD-TEST -AMP\CRYPTO++ CCM-AEAD TEST\X64\DEBUG\DRIVER.EXE
E:\2017920\CCM-AEAD-TEST -AMP\CRYPTO++ CCM-AEAD TEST\X64\DEBUG\DRIVER.PDB
E:\2017920\CCM-AEAD-Test -amp\Crypto++ CCM-AEAD Test\Driver\x64\Debug\Driver.obj
E:\2017920\CCM-AEAD-Test -amp\Crypto++ CCM-AEAD Test\Driver\x64\Debug\stdafx.obj
E:\2017920\CCM-AEAD-Test -amp\Crypto++ CCM-AEAD Test\Driver\x64\Debug\cl.command.1.tlog
E:\2017920\CCM-AEAD-Test -amp\Crypto++ CCM-AEAD Test\Driver\x64\Debug\CL.read.1.tlog
E:\2017920\CCM-AEAD-Test -amp\Crypto++ CCM-AEAD Test\Driver\x64\Debug\CL.write.1.tlog
E:\2017920\CCM-AEAD-Test -amp\Crypto++ CCM-AEAD Test\Driver\x64\Debug\link-cvtres.read.1.tlog
E:\2017920\CCM-AEAD-Test -amp\Crypto++ CCM-AEAD Test\Driver\x64\Debug\link-cvtres.write.1.tlog
E:\2017920\CCM-AEAD-Test -amp\Crypto++ CCM-AEAD Test\Driver\x64\Debug\link-rc.read.1.tlog
E:\2017920\CCM-AEAD-Test -amp\Crypto++ CCM-AEAD Test\Driver\x64\Debug\link-rc.write.1.tlog
E:\2017920\CCM-AEAD-Test -amp\Crypto++ CCM-AEAD Test\Driver\x64\Debug\link.command.1.tlog
E:\2017920\CCM-AEAD-Test -amp\Crypto++ CCM-AEAD Test\Driver\x64\Debug\link.read.1.tlog
E:\2017920\CCM-AEAD-Test -amp\Crypto++ CCM-AEAD Test\Driver\x64\Debug\link.write.1.tlog
E:\2017920\CCM-AEAD-Test -amp\Crypto++ CCM-AEAD Test\Driver\x64\Debug\Driver.pch
E:\2017920\CCM-AEAD-Test -amp\Crypto++ CCM-AEAD Test\Driver\x64\Debug\vc110.pdb
E:\2017920\CCM-AEAD-Test -amp\Crypto++ CCM-AEAD Test\x64\Debug\Driver.pdb
E:\2017920\CCM-AEAD-Test -amp\Crypto++ CCM-AEAD Test\x64\Debug\Driver.exe
